ecosystem/robotics/Giblets/UHRTest/app/build/intermediates/manifest_merge_blame_file/debug/manifest-merger-blame-debug-report.txt
1<?xml version="1.0" encoding="utf-8"?>
2<manifest xmlns:android="http://schemas.android.com/apk/res/android"
3    package="com.giblets.uhrtest"
4    android:versionCode="1"
5    android:versionName="1.0" >
6
7    <uses-sdk
8        android:minSdkVersion="31"
9        android:targetSdkVersion="34" />
10
11    <uses-permission android:name="android.permission.CAMERA" />
11-->src/main/AndroidManifest.xml:3:5-65
11-->src/main/AndroidManifest.xml:3:22-62
12
13    <application
13-->src/main/AndroidManifest.xml:4:5-16:19
14        android:allowBackup="false"
14-->src/main/AndroidManifest.xml:5:9-36
15        android:debuggable="true"
16        android:extractNativeLibs="false"
17        android:label="UHRTest"
17-->src/main/AndroidManifest.xml:6:9-32
18        android:theme="@android:style/Theme.NoTitleBar" >
18-->src/main/AndroidManifest.xml:7:9-56
19        <activity
19-->src/main/AndroidManifest.xml:8:9-15:20
20            android:name="com.giblets.uhrtest.MainActivity"
20-->src/main/AndroidManifest.xml:9:13-41
21            android:exported="true" >
21-->src/main/AndroidManifest.xml:10:13-36
22            <intent-filter>
22-->src/main/AndroidManifest.xml:11:13-14:29
23                <action android:name="android.intent.action.MAIN" />
23-->src/main/AndroidManifest.xml:12:17-69
23-->src/main/AndroidManifest.xml:12:25-66
24
25                <category android:name="android.intent.category.LAUNCHER" />
25-->src/main/AndroidManifest.xml:13:17-77
25-->src/main/AndroidManifest.xml:13:27-74
26            </intent-filter>
27        </activity>
28    </application>
29
30</manifest>